<?xml version="1.0" encoding="UTF-8"?>
<!-- Generated by org.testng.reporters.JUnitXMLReporter -->
<testsuite hostname="LAPTOP-93U55T3L" ignored="0" name="Test" tests="1" failures="0" timestamp="03 Mar 2020 05:29:33 GMT" time="0.461" errors="0">
  <testcase name="@BeforeClass setUp" time="0.0" classname="com.odoo.scripts.BaseAbstractTest">
    <failure type="java.lang.NullPointerException">
      <![CDATA[java.lang.NullPointerException
	at org.openqa.selenium.support.events.EventFiringWebDriver.extractInterfaces(EventFiringWebDriver.java:120)
	at org.openqa.selenium.support.events.EventFiringWebDriver.<init>(EventFiringWebDriver.java:94)
	at com.odoo.scripts.BaseAbstractTest.setUp(BaseAbstractTest.java:20)
... Removed 29 stack frames]]>
    </failure>
  </testcase> <!-- @BeforeClass setUp -->
  <testcase name="@BeforeMethod preCondition" time="0.0" classname="com.odoo.scripts.BaseAbstractTest">
    <skipped/>
  </testcase> <!-- @BeforeMethod preCondition -->
  <testcase name="validLogin" time="0.023" classname="com.odoo.scripts.LoginTest">
    <skipped/>
  </testcase> <!-- validLogin -->
</testsuite> <!-- Test -->
